Start testing: Aug 07 06:19 UTC
----------------------------------------------------------
Unable to find executable: /workspaces/code/build_host_tests/tests/test_safety_systems_hal_abstracted
1/1 Testing: test_safety_systems_hal_abstracted
1/1 Test: test_safety_systems_hal_abstracted
Command: ""
Directory: /workspaces/code/build_host_tests/tests
"test_safety_systems_hal_abstracted" start time: 
Output:
----------------------------------------------------------
<end of output>
Test time =   0.00 sec
----------------------------------------------------------
Test Passed.
"test_safety_systems_hal_abstracted" end time: Aug 07 06:19 UTC
"test_safety_systems_hal_abstracted" time elapsed: 00:00:00
----------------------------------------------------------

End testing: Aug 07 06:19 UTC
