Start testing: Aug 07 22:41 UTC
----------------------------------------------------------
1/2 Testing: test_phase1_3_validation_host
1/2 Test: test_phase1_3_validation_host
Command: "/workspaces/code/build_host_tests/test_phase1_3_validation_host"
Directory: /workspaces/code/build_host_tests
"test_phase1_3_validation_host" start time: Aug 07 22:41 UTC
Output:
----------------------------------------------------------
/workspaces/code/tests/unit/test_phase1_3_validation.c:355:test_telemetry_packet_basic:PASS
/workspaces/code/tests/unit/test_phase1_3_validation.c:356:test_dataset_sample_addition:PASS
/workspaces/code/tests/unit/test_phase1_3_validation.c:357:test_dataset_overflow_protection:PASS
/workspaces/code/tests/unit/test_phase1_3_validation.c:360:test_safety_bounds_validation:PASS
/workspaces/code/tests/unit/test_phase1_3_validation.c:361:test_data_validation:PASS
/workspaces/code/tests/unit/test_phase1_3_validation.c:364:test_time_constant_identification:PASS
/workspaces/code/tests/unit/test_phase1_3_validation.c:365:test_mathematical_accuracy:PASS
/workspaces/code/tests/unit/test_phase1_3_validation.c:246:test_l6470_parameter_calculation:FAIL: Expected 0 to be greater than 0
/workspaces/code/tests/unit/test_phase1_3_validation.c:371:test_performance_timing:PASS
/workspaces/code/tests/unit/test_phase1_3_validation.c:372:test_memory_usage:PASS

-----------------------
10 Tests 1 Failures 0 Ignored 
FAIL
<end of output>
Test time =   0.04 sec
----------------------------------------------------------
Test Failed.
"test_phase1_3_validation_host" end time: Aug 07 22:41 UTC
"test_phase1_3_validation_host" time elapsed: 00:00:00
----------------------------------------------------------

2/2 Testing: test_safety_systems_hal_abstracted_host
2/2 Test: test_safety_systems_hal_abstracted_host
Command: "/workspaces/code/build_host_tests/test_safety_systems_hal_abstracted_host"
Directory: /workspaces/code/build_host_tests
"test_safety_systems_hal_abstracted_host" start time: Aug 07 22:41 UTC
Output:
----------------------------------------------------------
<end of output>
Test time =   0.01 sec
----------------------------------------------------------
Test Failed.
"test_safety_systems_hal_abstracted_host" end time: Aug 07 22:41 UTC
"test_safety_systems_hal_abstracted_host" time elapsed: 00:00:00
----------------------------------------------------------

End testing: Aug 07 22:41 UTC
